127.0.0.1 - - [29/Mar/2017:08:53:26 +0800] "GET / HTTP/1.1" 200 869
127.0.0.1 - - [29/Mar/2017:08:53:26 +0800] "GET /bitnami.css HTTP/1.1" 200 698
127.0.0.1 - - [29/Mar/2017:08:53:26 +0800] "GET /img/header_bg.png HTTP/1.1" 200 147
127.0.0.1 - - [29/Mar/2017:08:53:26 +0800] "GET /img/sub_header_bg.png HTTP/1.1" 200 146
127.0.0.1 - - [29/Mar/2017:08:53:26 +0800] "GET /img/bitnami.png HTTP/1.1" 200 3738
127.0.0.1 - - [29/Mar/2017:08:53:26 +0800] "GET /img/redmine.png HTTP/1.1" 200 3677
127.0.0.1 - - [29/Mar/2017:08:53:26 +0800] "GET /favicon.ico HTTP/1.1" 200 1150
::1 - - [29/Mar/2017:08:53:41 +0800] "GET / HTTP/1.1" 200 869
::1 - - [29/Mar/2017:08:53:41 +0800] "GET /img/bitnami.png HTTP/1.1" 200 3738
::1 - - [29/Mar/2017:08:53:41 +0800] "GET /bitnami.css HTTP/1.1" 200 698
::1 - - [29/Mar/2017:08:53:41 +0800] "GET /img/redmine.png HTTP/1.1" 200 3677
::1 - - [29/Mar/2017:08:53:41 +0800] "GET /img/header_bg.png HTTP/1.1" 200 147
::1 - - [29/Mar/2017:08:53:41 +0800] "GET /img/sub_header_bg.png HTTP/1.1" 200 146
::1 - - [29/Mar/2017:08:53:41 +0800] "GET /favicon.ico HTTP/1.1" 200 1150
::1 - - [29/Mar/2017:08:53:46 +0800] "GET /redmine/ HTTP/1.1" 200 1630
::1 - - [29/Mar/2017:08:53:46 +0800] "GET /redmine/javascripts/responsive.js HTTP/1.1" 200 678
::1 - - [29/Mar/2017:08:53:46 +0800] "GET /redmine/stylesheets/responsive.css HTTP/1.1" 200 4530
::1 - - [29/Mar/2017:08:53:46 +0800] "GET /redmine/stylesheets/jquery/jquery-ui-1.11.0.css HTTP/1.1" 200 5514
::1 - - [29/Mar/2017:08:53:46 +0800] "GET /redmine/javascripts/application.js HTTP/1.1" 200 5811
::1 - - [29/Mar/2017:08:53:46 +0800] "GET /redmine/stylesheets/application.css HTTP/1.1" 200 12636
::1 - - [29/Mar/2017:08:53:46 +0800] "GET /redmine/javascripts/jquery-1.11.1-ui-1.11.0-ujs-3.1.4.js HTTP/1.1" 200 98659
::1 - - [29/Mar/2017:08:53:46 +0800] "GET /redmine/favicon.ico HTTP/1.1" 200 7886
::1 - - [29/Mar/2017:08:53:52 +0800] "GET /redmine/login HTTP/1.1" 200 1879
::1 - - [29/Mar/2017:08:54:04 +0800] "POST /redmine/login HTTP/1.1" 302 91
::1 - - [29/Mar/2017:08:54:04 +0800] "GET /redmine/ HTTP/1.1" 200 1798
::1 - - [29/Mar/2017:08:54:53 +0800] "GET /redmine/projects HTTP/1.1" 200 2029
::1 - - [29/Mar/2017:08:54:54 +0800] "GET /redmine/images/fav.png HTTP/1.1" 200 378
::1 - - [29/Mar/2017:08:54:54 +0800] "GET /redmine/images/add.png HTTP/1.1" 200 680
::1 - - [29/Mar/2017:08:54:54 +0800] "GET /redmine/images/feed.png HTTP/1.1" 200 427
::1 - - [29/Mar/2017:08:54:56 +0800] "GET /redmine/projects/new HTTP/1.1" 200 2948
::1 - - [29/Mar/2017:08:54:56 +0800] "GET /redmine/javascripts/jstoolbar/jstoolbar-textile.min.js HTTP/1.1" 200 2668
::1 - - [29/Mar/2017:08:54:56 +0800] "GET /redmine/javascripts/project_identifier.js HTTP/1.1" 200 2818
::1 - - [29/Mar/2017:08:54:56 +0800] "GET /redmine/javascripts/jstoolbar/lang/jstoolbar-zh.js HTTP/1.1" 200 330
::1 - - [29/Mar/2017:08:54:56 +0800] "GET /redmine/stylesheets/jstoolbar.css HTTP/1.1" 200 599
::1 - - [29/Mar/2017:08:54:56 +0800] "GET /redmine/images/jstoolbar/bt_em.png HTTP/1.1" 200 197
::1 - - [29/Mar/2017:08:54:56 +0800] "GET /redmine/images/jstoolbar/bt_strong.png HTTP/1.1" 200 244
::1 - - [29/Mar/2017:08:54:56 +0800] "GET /redmine/images/jstoolbar/bt_del.png HTTP/1.1" 200 252
::1 - - [29/Mar/2017:08:54:56 +0800] "GET /redmine/images/jstoolbar/bt_ins.png HTTP/1.1" 200 937
::1 - - [29/Mar/2017:08:54:56 +0800] "GET /redmine/images/jstoolbar/bt_code.png HTTP/1.1" 200 927
::1 - - [29/Mar/2017:08:54:56 +0800] "GET /redmine/images/jstoolbar/bt_h3.png HTTP/1.1" 200 261
::1 - - [29/Mar/2017:08:54:56 +0800] "GET /redmine/images/jstoolbar/bt_h1.png HTTP/1.1" 200 247
::1 - - [29/Mar/2017:08:54:56 +0800] "GET /redmine/images/jstoolbar/bt_ol.png HTTP/1.1" 200 248
::1 - - [29/Mar/2017:08:54:56 +0800] "GET /redmine/images/jstoolbar/bt_bq_remove.png HTTP/1.1" 200 379
::1 - - [29/Mar/2017:08:54:56 +0800] "GET /redmine/images/jstoolbar/bt_link.png HTTP/1.1" 200 293
::1 - - [29/Mar/2017:08:54:56 +0800] "GET /redmine/images/jstoolbar/bt_ul.png HTTP/1.1" 200 249
::1 - - [29/Mar/2017:08:54:56 +0800] "GET /redmine/images/jstoolbar/bt_bq.png HTTP/1.1" 200 384
::1 - - [29/Mar/2017:08:54:56 +0800] "GET /redmine/images/jstoolbar/bt_h2.png HTTP/1.1" 200 252
::1 - - [29/Mar/2017:08:54:56 +0800] "GET /redmine/images/jstoolbar/bt_img.png HTTP/1.1" 200 1027
::1 - - [29/Mar/2017:08:54:56 +0800] "GET /redmine/images/jstoolbar/bt_pre.png HTTP/1.1" 200 918
::1 - - [29/Mar/2017:08:54:56 +0800] "GET /redmine/images/jstoolbar/bt_precode.png HTTP/1.1" 200 389
::1 - - [29/Mar/2017:08:54:56 +0800] "GET /redmine/images/help.png HTTP/1.1" 200 733
::1 - - [29/Mar/2017:08:55:10 +0800] "POST /redmine/projects HTTP/1.1" 302 119
::1 - - [29/Mar/2017:08:55:11 +0800] "GET /redmine/projects/test-xufei/settings HTTP/1.1" 200 4435
::1 - - [29/Mar/2017:08:55:11 +0800] "GET /redmine/images/true.png HTTP/1.1" 200 248
::1 - - [29/Mar/2017:08:55:21 +0800] "GET /redmine/projects/test-xufei/repositories/new HTTP/1.1" 200 3055
::1 - - [29/Mar/2017:08:55:22 +0800] "GET /redmine/images/exclamation.png HTTP/1.1" 200 648
::1 - - [29/Mar/2017:08:55:38 +0800] "GET /redmine/images/loading.gif HTTP/1.1" 200 1553
::1 - - [29/Mar/2017:08:55:38 +0800] "GET /redmine/projects/test-xufei/repositories/new?repository_scm=Git HTTP/1.1" 200 4458
::1 - - [29/Mar/2017:08:56:52 +0800] "GET /redmine/projects/test-xufei/repositories/new?repository_scm=Subversion HTTP/1.1" 200 2554
::1 - - [29/Mar/2017:08:59:48 +0800] "GET /redmine/projects/test-xufei/repositories/new?repository_scm=Git HTTP/1.1" 200 4458
::1 - - [29/Mar/2017:09:01:36 +0800] "POST /redmine/projects/test-xufei/repositories HTTP/1.1" 302 132
::1 - - [29/Mar/2017:09:01:37 +0800] "GET /redmine/projects/test-xufei/settings/repositories HTTP/1.1" 200 4572
::1 - - [29/Mar/2017:09:01:37 +0800] "GET /redmine/images/delete.png HTTP/1.1" 200 911
::1 - - [29/Mar/2017:09:01:37 +0800] "GET /redmine/images/edit.png HTTP/1.1" 200 522
::1 - - [29/Mar/2017:09:01:37 +0800] "GET /redmine/images/user.png HTTP/1.1" 200 669
::1 - - [29/Mar/2017:09:01:37 +0800] "GET /redmine/images/toggle_check.png HTTP/1.1" 200 262
::1 - - [29/Mar/2017:09:05:09 +0800] "GET /redmine/projects/test-xufei/memberships/new HTTP/1.1" 200 2054
::1 - - [29/Mar/2017:09:05:09 +0800] "GET /redmine/images/magnifier.png HTTP/1.1" 200 615
::1 - - [29/Mar/2017:09:05:09 +0800] "GET /redmine/stylesheets/jquery/images/ui-icons_759fcf_256x240.png HTTP/1.1" 200 4549
::1 - - [29/Mar/2017:09:05:09 +0800] "GET /redmine/stylesheets/jquery/images/ui-bg_gloss-wave_35_759fcf_500x100.png HTTP/1.1" 200 5772
::1 - - [29/Mar/2017:09:05:09 +0800] "GET /redmine/stylesheets/jquery/images/ui-bg_glass_100_f6f6f6_1x400.png HTTP/1.1" 200 262
::1 - - [29/Mar/2017:09:05:09 +0800] "GET /redmine/stylesheets/jquery/images/ui-bg_diagonals-thick_20_666666_40x40.png HTTP/1.1" 200 312
::1 - - [29/Mar/2017:09:05:16 +0800] "POST /redmine/projects/test-xufei/memberships HTTP/1.1" 200 241
::1 - - [29/Mar/2017:09:05:26 +0800] "POST /redmine/projects/test-xufei/memberships HTTP/1.1" 200 241
::1 - - [29/Mar/2017:09:05:26 +0800] "POST /redmine/projects/test-xufei/memberships HTTP/1.1" 200 241
::1 - - [29/Mar/2017:09:05:26 +0800] "POST /redmine/projects/test-xufei/memberships HTTP/1.1" 200 241
::1 - - [29/Mar/2017:09:05:34 +0800] "POST /redmine/projects/test-xufei/memberships HTTP/1.1" 200 310
::1 - - [29/Mar/2017:09:05:42 +0800] "POST /redmine/projects/test-xufei/memberships HTTP/1.1" 200 2113
::1 - - [29/Mar/2017:09:05:42 +0800] "GET /redmine/images/group.png HTTP/1.1" 200 700
::1 - - [29/Mar/2017:09:05:48 +0800] "DELETE /redmine/memberships/1 HTTP/1.1" 200 240
::1 - - [29/Mar/2017:09:05:53 +0800] "GET /redmine/my/account HTTP/1.1" 200 5738
::1 - - [29/Mar/2017:09:05:54 +0800] "GET /redmine/images/email_add.png HTTP/1.1" 200 761
::1 - - [29/Mar/2017:09:05:54 +0800] "GET /redmine/images/textfield_key.png HTTP/1.1" 200 455
::1 - - [29/Mar/2017:09:06:01 +0800] "GET /redmine/users/1 HTTP/1.1" 200 1893
::1 - - [29/Mar/2017:09:06:04 +0800] "GET /redmine/my/account HTTP/1.1" 200 5742
::1 - - [29/Mar/2017:09:06:07 +0800] "GET /redmine/admin HTTP/1.1" 200 1969
::1 - - [29/Mar/2017:09:06:07 +0800] "GET /redmine/images/database_key.png HTTP/1.1" 200 727
::1 - - [29/Mar/2017:09:06:07 +0800] "GET /redmine/images/ticket_edit.png HTTP/1.1" 200 678
::1 - - [29/Mar/2017:09:06:07 +0800] "GET /redmine/images/textfield.png HTTP/1.1" 200 100
::1 - - [29/Mar/2017:09:06:07 +0800] "GET /redmine/images/ticket.png HTTP/1.1" 200 447
::1 - - [29/Mar/2017:09:06:07 +0800] "GET /redmine/images/ticket_go.png HTTP/1.1" 200 608
::1 - - [29/Mar/2017:09:06:07 +0800] "GET /redmine/images/projects.png HTTP/1.1" 200 775
::1 - - [29/Mar/2017:09:06:07 +0800] "GET /redmine/images/text_list_bullets.png HTTP/1.1" 200 291
::1 - - [29/Mar/2017:09:06:07 +0800] "GET /redmine/images/server_key.png HTTP/1.1" 200 746
::1 - - [29/Mar/2017:09:06:07 +0800] "GET /redmine/images/plugin.png HTTP/1.1" 200 538
::1 - - [29/Mar/2017:09:06:07 +0800] "GET /redmine/images/changeset.png HTTP/1.1" 200 459
::1 - - [29/Mar/2017:09:06:10 +0800] "GET /redmine/users HTTP/1.1" 200 2680
::1 - - [29/Mar/2017:09:06:10 +0800] "GET /redmine/images/reload.png HTTP/1.1" 200 549
::1 - - [29/Mar/2017:09:06:10 +0800] "GET /redmine/images/sort_asc.png HTTP/1.1" 200 158
::1 - - [29/Mar/2017:09:07:17 +0800] "GET /redmine/users/new HTTP/1.1" 200 6297
::1 - - [29/Mar/2017:09:08:08 +0800] "POST /redmine/users HTTP/1.1" 302 103
::1 - - [29/Mar/2017:09:08:08 +0800] "GET /redmine/users/5/edit HTTP/1.1" 200 6729
::1 - - [29/Mar/2017:09:08:09 +0800] "GET /redmine/images/locked.png HTTP/1.1" 200 1013
::1 - - [29/Mar/2017:09:08:18 +0800] "GET /redmine/admin HTTP/1.1" 200 1968
::1 - - [29/Mar/2017:09:08:19 +0800] "GET /redmine/users HTTP/1.1" 200 2829
::1 - - [29/Mar/2017:09:08:29 +0800] "GET /redmine/projects HTTP/1.1" 200 2081
::1 - - [29/Mar/2017:09:08:33 +0800] "GET /redmine/projects/test-xufei HTTP/1.1" 200 2782
::1 - - [29/Mar/2017:09:08:33 +0800] "GET /redmine/images/time.png HTTP/1.1" 200 740
::1 - - [29/Mar/2017:09:08:39 +0800] "GET /redmine/projects/test-xufei/activity HTTP/1.1" 200 2800
::1 - - [29/Mar/2017:09:08:40 +0800] "GET /redmine/projects/test-xufei HTTP/1.1" 200 2781
::1 - - [29/Mar/2017:09:08:43 +0800] "GET /redmine/projects/new?parent_id=test-xufei HTTP/1.1" 200 3025
::1 - - [29/Mar/2017:09:08:55 +0800] "POST /redmine/projects HTTP/1.1" 302 121
::1 - - [29/Mar/2017:09:08:55 +0800] "GET /redmine/projects/test-xufei-1/settings HTTP/1.1" 200 4560
::1 - - [29/Mar/2017:09:09:07 +0800] "GET /redmine/projects/test-xufei-1 HTTP/1.1" 200 2823
::1 - - [29/Mar/2017:09:09:09 +0800] "GET /redmine/projects/test-xufei-1/activity HTTP/1.1" 200 2842
::1 - - [29/Mar/2017:09:09:10 +0800] "GET /redmine/projects/test-xufei-1/issues HTTP/1.1" 200 5670
::1 - - [29/Mar/2017:09:09:10 +0800] "GET /redmine/stylesheets/context_menu.css HTTP/1.1" 200 728
::1 - - [29/Mar/2017:09:09:10 +0800] "GET /redmine/javascripts/i18n/datepicker-zh-CN.js HTTP/1.1" 200 633
::1 - - [29/Mar/2017:09:09:10 +0800] "GET /redmine/javascripts/context_menu.js HTTP/1.1" 200 1906
::1 - - [29/Mar/2017:09:09:10 +0800] "GET /redmine/images/arrow_expanded.png HTTP/1.1" 200 157
::1 - - [29/Mar/2017:09:09:10 +0800] "GET /redmine/images/arrow_collapsed.png HTTP/1.1" 200 165
::1 - - [29/Mar/2017:09:09:10 +0800] "GET /redmine/images/save.png HTTP/1.1" 200 440
::1 - - [29/Mar/2017:09:09:11 +0800] "GET /redmine/projects/test-xufei-1/issues/gantt HTTP/1.1" 200 5936
::1 - - [29/Mar/2017:09:09:11 +0800] "GET /redmine/javascripts/gantt.js HTTP/1.1" 200 1694
::1 - - [29/Mar/2017:09:09:11 +0800] "GET /redmine/javascripts/raphael.js HTTP/1.1" 200 31259
::1 - - [29/Mar/2017:09:09:12 +0800] "GET /redmine/images/zoom_out.png HTTP/1.1" 200 657
::1 - - [29/Mar/2017:09:09:12 +0800] "GET /redmine/images/zoom_in.png HTTP/1.1" 200 680
::1 - - [29/Mar/2017:09:09:13 +0800] "GET /redmine/projects/test-xufei-1/issues/calendar HTTP/1.1" 200 4980
::1 - - [29/Mar/2017:09:09:13 +0800] "GET /redmine/images/bullet_diamond.png HTTP/1.1" 200 262
::1 - - [29/Mar/2017:09:09:13 +0800] "GET /redmine/images/bullet_end.png HTTP/1.1" 200 329
::1 - - [29/Mar/2017:09:09:13 +0800] "GET /redmine/images/bullet_go.png HTTP/1.1" 200 357
::1 - - [29/Mar/2017:09:09:17 +0800] "GET /redmine/projects/test-xufei-1/news HTTP/1.1" 200 3404
::1 - - [29/Mar/2017:09:09:17 +0800] "GET /redmine/javascripts/attachments.js HTTP/1.1" 200 2003
::1 - - [29/Mar/2017:09:09:17 +0800] "GET /redmine/stylesheets/scm.css HTTP/1.1" 200 1094
::1 - - [29/Mar/2017:09:09:18 +0800] "GET /redmine/images/fav_off.png HTTP/1.1" 200 211
::1 - - [29/Mar/2017:09:09:18 +0800] "GET /redmine/projects/test-xufei-1/documents HTTP/1.1" 200 3202
::1 - - [29/Mar/2017:09:09:19 +0800] "GET /redmine/projects/test-xufei-1/wiki HTTP/1.1" 200 3043
::1 - - [29/Mar/2017:09:09:21 +0800] "GET /redmine/projects/test-xufei-1/files HTTP/1.1" 200 2423
::1 - - [29/Mar/2017:09:09:22 +0800] "GET /redmine/projects/test-xufei-1/settings HTTP/1.1" 200 4530
::1 - - [29/Mar/2017:09:09:26 +0800] "GET /redmine/projects/test-xufei?jump=settings HTTP/1.1" 302 119
::1 - - [29/Mar/2017:09:09:26 +0800] "GET /redmine/projects/test-xufei/settings HTTP/1.1" 200 4572
::1 - - [29/Mar/2017:09:09:28 +0800] "GET /redmine/projects/test-xufei HTTP/1.1" 200 2816
::1 - - [29/Mar/2017:09:09:31 +0800] "GET /redmine/projects/test-xufei/issues/gantt HTTP/1.1" 200 5932
::1 - - [29/Mar/2017:09:09:31 +0800] "GET /redmine/projects/test-xufei HTTP/1.1" 200 2817
::1 - - [29/Mar/2017:09:09:37 +0800] "GET /redmine/projects/test-xufei/time_entries/new HTTP/1.1" 200 3066
::1 - - [29/Mar/2017:09:09:37 +0800] "GET /redmine/stylesheets/jquery/images/ui-bg_highlight-soft_100_eeeeee_1x100.png HTTP/1.1" 200 278
::1 - - [29/Mar/2017:09:09:45 +0800] "GET /redmine/projects/test-xufei HTTP/1.1" 200 2816
::1 - - [29/Mar/2017:09:09:57 +0800] "GET /redmine/projects/test-xufei/documents HTTP/1.1" 200 3157
::1 - - [29/Mar/2017:09:09:58 +0800] "GET /redmine/projects/test-xufei/files HTTP/1.1" 200 2386
::1 - - [29/Mar/2017:09:10:01 +0800] "GET /redmine/projects/test-xufei HTTP/1.1" 200 2818
::1 - - [29/Mar/2017:09:10:02 +0800] "GET /redmine/my/page HTTP/1.1" 200 2061
::1 - - [29/Mar/2017:09:10:04 +0800] "GET /redmine/projects HTTP/1.1" 200 2115
::1 - - [29/Mar/2017:09:10:07 +0800] "GET /redmine/projects/test-xufei HTTP/1.1" 200 2816
::1 - - [29/Mar/2017:09:10:13 +0800] "GET /redmine/projects/test-xufei/settings HTTP/1.1" 200 4569
::1 - - [29/Mar/2017:09:10:22 +0800] "GET /redmine/projects/test-xufei/memberships/new HTTP/1.1" 200 2153
::1 - - [29/Mar/2017:09:10:31 +0800] "POST /redmine/projects/test-xufei/memberships HTTP/1.1" 200 2221
::1 - - [29/Mar/2017:09:10:36 +0800] "GET /redmine/projects/test-xufei/memberships/new HTTP/1.1" 200 2054
::1 - - [29/Mar/2017:09:10:42 +0800] "POST /redmine/projects/test-xufei/memberships HTTP/1.1" 200 3994
::1 - - [29/Mar/2017:09:10:46 +0800] "GET /redmine/projects/test-xufei/versions/new?back_url= HTTP/1.1" 200 3037
::1 - - [29/Mar/2017:09:10:53 +0800] "GET /redmine/projects/test-xufei HTTP/1.1" 200 3048
::1 - - [29/Mar/2017:09:10:54 +0800] "GET /redmine/projects/test-xufei/activity HTTP/1.1" 200 2987
::1 - - [29/Mar/2017:09:10:55 +0800] "GET /redmine/projects/test-xufei/issues HTTP/1.1" 200 5821
::1 - - [29/Mar/2017:09:10:56 +0800] "GET /redmine/projects/test-xufei/issues/gantt HTTP/1.1" 200 6081
::1 - - [29/Mar/2017:09:11:00 +0800] "GET /redmine/projects/test-xufei/issues/calendar HTTP/1.1" 200 5134
::1 - - [29/Mar/2017:09:11:03 +0800] "GET /redmine/projects/test-xufei/news HTTP/1.1" 200 3505
::1 - - [29/Mar/2017:09:11:04 +0800] "GET /redmine/projects/test-xufei/documents HTTP/1.1" 200 3293
::1 - - [29/Mar/2017:09:11:05 +0800] "GET /redmine/projects/test-xufei HTTP/1.1" 200 3046
::1 - - [29/Mar/2017:09:11:12 +0800] "GET /redmine/projects/test-xufei/settings HTTP/1.1" 200 5096
::1 - - [29/Mar/2017:09:11:32 +0800] "GET /redmine/my/page HTTP/1.1" 200 2223
::1 - - [29/Mar/2017:09:11:35 +0800] "GET /redmine/issues?assigned_to_id=me&set_filter=1&sort=priority%3Adesc%2Cupdated_on%3Adesc HTTP/1.1" 200 5442
::1 - - [29/Mar/2017:09:11:36 +0800] "GET /redmine/images/bullet_toggle_plus.png HTTP/1.1" 200 217
::1 - - [29/Mar/2017:09:11:41 +0800] "GET /redmine/projects HTTP/1.1" 200 2270
::1 - - [29/Mar/2017:09:11:42 +0800] "GET /redmine/projects/test-xufei HTTP/1.1" 200 3049
::1 - - [29/Mar/2017:09:11:44 +0800] "GET /redmine/projects/test-xufei/issues?set_filter=1 HTTP/1.1" 200 5832
::1 - - [29/Mar/2017:09:11:51 +0800] "GET /redmine/projects/test-xufei/issues/new HTTP/1.1" 200 4439
::1 - - [29/Mar/2017:09:11:51 +0800] "GET /redmine/images/bullet_add.png HTTP/1.1" 200 233
::1 - - [29/Mar/2017:09:11:55 +0800] "POST /redmine/projects/test-xufei/issues/new.js HTTP/1.1" 200 4734
::1 - - [29/Mar/2017:09:12:25 +0800] "POST /redmine/projects/test-xufei/issues HTTP/1.1" 302 99
::1 - - [29/Mar/2017:09:13:07 +0800] "GET /redmine/issues/1 HTTP/1.1" 200 6295
::1 - - [29/Mar/2017:09:13:08 +0800] "GET /redmine/images/copy.png HTTP/1.1" 200 925
::1 - - [29/Mar/2017:09:13:08 +0800] "GET /redmine/images/time_add.png HTTP/1.1" 200 774
::1 - - [29/Mar/2017:09:13:18 +0800] "GET /redmine/projects HTTP/1.1" 200 2273
::1 - - [29/Mar/2017:09:13:22 +0800] "GET /redmine/my/page HTTP/1.1" 200 2625
::1 - - [29/Mar/2017:09:13:23 +0800] "GET /redmine/projects/test-xufei HTTP/1.1" 200 3049
::1 - - [29/Mar/2017:09:13:30 +0800] "GET /redmine/projects/test-xufei/issues/calendar HTTP/1.1" 200 5304
::1 - - [29/Mar/2017:09:13:36 +0800] "GET /redmine/projects/test-xufei/activity HTTP/1.1" 200 3064
::1 - - [29/Mar/2017:09:14:00 +0800] "GET /redmine/ HTTP/1.1" 200 1958
::1 - - [29/Mar/2017:09:14:02 +0800] "GET /redmine/admin HTTP/1.1" 200 2121
::1 - - [29/Mar/2017:09:14:04 +0800] "GET /redmine/settings HTTP/1.1" 200 12132
::1 - - [29/Mar/2017:09:15:08 +0800] "POST /redmine/settings/edit HTTP/1.1" 302 99
::1 - - [29/Mar/2017:09:15:08 +0800] "GET /redmine/settings HTTP/1.1" 200 12192
::1 - - [29/Mar/2017:09:54:11 +0800] "GET /redmine/my/page HTTP/1.1" 200 2643
::1 - - [29/Mar/2017:09:54:14 +0800] "GET /redmine/projects/test-xufei HTTP/1.1" 200 3068
::1 - - [29/Mar/2017:09:54:17 +0800] "GET /redmine/issues/1 HTTP/1.1" 200 6271
::1 - - [29/Mar/2017:09:54:22 +0800] "GET /redmine/issues/1/time_entries/new HTTP/1.1" 200 3254
::1 - - [29/Mar/2017:10:20:02 +0800] "GET /redmine/projects/test-xufei/repository HTTP/1.1" 404 6897
::1 - - [29/Mar/2017:10:20:07 +0800] "GET /redmine/projects/test-xufei HTTP/1.1" 200 3068
::1 - - [29/Mar/2017:10:20:09 +0800] "GET /redmine/ HTTP/1.1" 200 1983
::1 - - [29/Mar/2017:10:20:11 +0800] "GET /redmine/admin HTTP/1.1" 200 2143
::1 - - [29/Mar/2017:10:20:14 +0800] "GET /redmine/settings HTTP/1.1" 200 12166
::1 - - [29/Mar/2017:10:21:13 +0800] "POST /redmine/settings/edit HTTP/1.1" 302 99
::1 - - [29/Mar/2017:10:21:13 +0800] "GET /redmine/settings HTTP/1.1" 200 12206
::1 - - [29/Mar/2017:10:22:02 +0800] "POST /redmine/settings/edit?tab=authentication HTTP/1.1" 302 118
::1 - - [29/Mar/2017:10:22:05 +0800] "GET /redmine/settings?tab=authentication HTTP/1.1" 200 12191
::1 - - [29/Mar/2017:10:22:32 +0800] "GET /redmine/ HTTP/1.1" 200 1982
::1 - - [29/Mar/2017:10:22:33 +0800] "GET /redmine/projects HTTP/1.1" 200 2292
::1 - - [29/Mar/2017:10:22:34 +0800] "GET /redmine/projects/test-xufei HTTP/1.1" 200 3070
::1 - - [29/Mar/2017:10:22:36 +0800] "GET /redmine/projects/test-xufei/repository HTTP/1.1" 404 6897
::1 - - [29/Mar/2017:10:22:38 +0800] "GET /redmine/projects/test-xufei/files HTTP/1.1" 200 2554
::1 - - [29/Mar/2017:10:22:39 +0800] "GET /redmine/projects/test-xufei/wiki HTTP/1.1" 200 3163
::1 - - [29/Mar/2017:10:22:40 +0800] "GET /redmine/projects/test-xufei/documents HTTP/1.1" 200 3318
::1 - - [29/Mar/2017:10:22:40 +0800] "GET /redmine/projects/test-xufei/news HTTP/1.1" 200 3525
::1 - - [29/Mar/2017:10:22:41 +0800] "GET /redmine/projects/test-xufei/issues/calendar HTTP/1.1" 200 5324
::1 - - [29/Mar/2017:10:22:44 +0800] "GET /redmine/projects/test-xufei/issues/gantt HTTP/1.1" 200 6255
::1 - - [29/Mar/2017:10:22:47 +0800] "GET /redmine/projects/test-xufei/issues HTTP/1.1" 200 6414
::1 - - [29/Mar/2017:10:22:47 +0800] "GET /redmine/images/sort_desc.png HTTP/1.1" 200 157
::1 - - [29/Mar/2017:10:22:48 +0800] "GET /redmine/projects/test-xufei/activity HTTP/1.1" 200 3084
::1 - - [29/Mar/2017:10:22:50 +0800] "GET /redmine/projects/test-xufei HTTP/1.1" 200 3067
::1 - - [29/Mar/2017:10:22:54 +0800] "GET /redmine/projects/test-xufei/settings HTTP/1.1" 200 5110
::1 - - [29/Mar/2017:10:22:59 +0800] "GET /redmine/repositories/1/edit HTTP/1.1" 200 3357
::1 - - [29/Mar/2017:10:23:04 +0800] "GET /redmine/projects/test-xufei/settings HTTP/1.1" 200 5111
::1 - - [29/Mar/2017:10:23:10 +0800] "GET /redmine/repositories/1/committers HTTP/1.1" 200 2483
::1 - - [29/Mar/2017:10:23:16 +0800] "GET /redmine/projects/test-xufei/repository HTTP/1.1" 404 6897
::1 - - [29/Mar/2017:10:23:17 +0800] "GET /redmine/projects/test-xufei/settings HTTP/1.1" 200 5112
::1 - - [29/Mar/2017:10:23:23 +0800] "GET /redmine/repositories/1/committers HTTP/1.1" 200 2481
::1 - - [29/Mar/2017:10:23:25 +0800] "GET /redmine/projects/test-xufei/settings HTTP/1.1" 200 5114
::1 - - [29/Mar/2017:10:23:28 +0800] "GET /redmine/repositories/1/edit HTTP/1.1" 200 3361
::1 - - [29/Mar/2017:10:23:33 +0800] "GET /redmine/projects/test-xufei/settings/repositories HTTP/1.1" 200 5113
::1 - - [29/Mar/2017:10:23:35 +0800] "GET /redmine/projects/test-xufei/repository HTTP/1.1" 404 6897
::1 - - [29/Mar/2017:10:23:37 +0800] "GET /redmine/projects/test-xufei/settings HTTP/1.1" 200 5106
::1 - - [29/Mar/2017:10:23:47 +0800] "GET /redmine/projects/test-xufei/versions/new?back_url= HTTP/1.1" 200 3059
::1 - - [29/Mar/2017:10:23:58 +0800] "POST /redmine/projects/test-xufei/versions HTTP/1.1" 302 128
::1 - - [29/Mar/2017:10:23:58 +0800] "GET /redmine/projects/test-xufei/settings/versions HTTP/1.1" 200 5432
::1 - - [29/Mar/2017:10:24:05 +0800] "GET /redmine/projects/test-xufei/repository HTTP/1.1" 404 6982
::1 - - [29/Mar/2017:10:24:10 +0800] "GET /redmine/projects/test-xufei/files HTTP/1.1" 200 2576
::1 - - [29/Mar/2017:10:24:11 +0800] "GET /redmine/projects/test-xufei/settings HTTP/1.1" 200 5397
::1 - - [29/Mar/2017:10:26:32 +0800] "GET /redmine/projects/test-xufei/repository HTTP/1.1" 404 6982
::1 - - [29/Mar/2017:10:26:33 +0800] "GET /redmine/projects/test-xufei/settings HTTP/1.1" 200 5396
::1 - - [29/Mar/2017:10:26:36 +0800] "GET /redmine/repositories/1/edit HTTP/1.1" 200 3380
::1 - - [29/Mar/2017:10:26:45 +0800] "GET /redmine/projects/test-xufei/repository HTTP/1.1" 404 6982
::1 - - [29/Mar/2017:10:26:46 +0800] "GET /redmine/projects/test-xufei/files HTTP/1.1" 200 2575
::1 - - [29/Mar/2017:10:26:47 +0800] "GET /redmine/projects/test-xufei/wiki HTTP/1.1" 200 3186
::1 - - [29/Mar/2017:10:26:48 +0800] "GET /redmine/projects/test-xufei/documents HTTP/1.1" 200 3330
::1 - - [29/Mar/2017:10:26:49 +0800] "GET /redmine/projects/test-xufei/news HTTP/1.1" 200 3548
::1 - - [29/Mar/2017:10:26:50 +0800] "GET /redmine/projects/test-xufei/issues/calendar HTTP/1.1" 200 5352
::1 - - [29/Mar/2017:10:26:50 +0800] "GET /redmine/projects/test-xufei/issues/gantt HTTP/1.1" 200 6287
::1 - - [29/Mar/2017:10:26:55 +0800] "GET /redmine/projects/test-xufei/issues HTTP/1.1" 200 6440
::1 - - [29/Mar/2017:10:26:56 +0800] "GET /redmine/projects/test-xufei/roadmap HTTP/1.1" 200 2837
::1 - - [29/Mar/2017:10:26:57 +0800] "GET /redmine/images/package.png HTTP/1.1" 200 800
::1 - - [29/Mar/2017:10:26:58 +0800] "GET /redmine/projects/test-xufei/wiki HTTP/1.1" 200 3182
::1 - - [29/Mar/2017:10:26:59 +0800] "GET /redmine/projects/test-xufei/files HTTP/1.1" 200 2576
127.0.0.1 - - [29/Mar/2017:11:06:35 +0800] "GET /phpmyadmin HTTP/1.1" 301 236
127.0.0.1 - - [29/Mar/2017:11:06:35 +0800] "GET /phpmyadmin/ HTTP/1.1" 200 3151
127.0.0.1 - - [29/Mar/2017:11:06:35 +0800] "GET /phpmyadmin/js/codemirror/addon/hint/show-hint.css?v=4.6.6 HTTP/1.1" 200 336
127.0.0.1 - - [29/Mar/2017:11:06:35 +0800] "GET /phpmyadmin/js/codemirror/addon/lint/lint.css?v=4.6.6 HTTP/1.1" 200 1286
127.0.0.1 - - [29/Mar/2017:11:06:35 +0800] "GET /phpmyadmin/js/codemirror/lib/codemirror.css?v=4.6.6 HTTP/1.1" 200 2409
127.0.0.1 - - [29/Mar/2017:11:06:35 +0800] "GET /phpmyadmin/themes/pmahomme/jquery/jquery-ui-1.11.4.css HTTP/1.1" 200 8093
127.0.0.1 - - [29/Mar/2017:11:06:35 +0800] "GET /phpmyadmin/phpmyadmin.css.php?nocache=4461147328ltr HTTP/1.1" 200 20070
127.0.0.1 - - [29/Mar/2017:11:06:35 +0800] "GET /phpmyadmin/js/get_scripts.js.php?scripts%5B%5D=jquery/jquery.debounce-1.0.5.js&scripts%5B%5D=menu-resizer.js&scripts%5B%5D=cross_framing_protection.js&scripts%5B%5D=rte.js&scripts%5B%5D=tracekit/tracekit.js&scripts%5B%5D=error_report.js&scripts%5B%5D=config.js&scripts%5B%5D=doclinks.js&scripts%5B%5D=functions.js&scripts%5B%5D=navigation.js&v=4.6.6 HTTP/1.1" 200 82554
127.0.0.1 - - [29/Mar/2017:11:06:35 +0800] "GET /phpmyadmin/js/get_scripts.js.php?scripts%5B%5D=indexes.js&scripts%5B%5D=common.js&scripts%5B%5D=page_settings.js&scripts%5B%5D=codemirror/lib/codemirror.js&scripts%5B%5D=codemirror/mode/sql/sql.js&scripts%5B%5D=codemirror/addon/runmode/runmode.js&scripts%5B%5D=codemirror/addon/hint/show-hint.js&scripts%5B%5D=codemirror/addon/hint/sql-hint.js&scripts%5B%5D=codemirror/addon/lint/lint.js&scripts%5B%5D=codemirror/addon/lint/sql-lint.js&v=4.6.6 HTTP/1.1" 200 118975
127.0.0.1 - - [29/Mar/2017:11:06:35 +0800] "GET /phpmyadmin/js/get_scripts.js.php?scripts%5B%5D=jquery/jquery-2.1.4.min.js&scripts%5B%5D=sprintf.js&scripts%5B%5D=ajax.js&scripts%5B%5D=keyhandler.js&scripts%5B%5D=jquery/jquery-ui-1.11.4.min.js&scripts%5B%5D=jquery/jquery.cookie.js&scripts%5B%5D=jquery/jquery.mousewheel.js&scripts%5B%5D=jquery/jquery.event.drag-2.2.js&scripts%5B%5D=jquery/jquery-ui-timepicker-addon.js&scripts%5B%5D=jquery/jquery.ba-hashchange-1.3.js&v=4.6.6 HTTP/1.1" 200 134175
127.0.0.1 - - [29/Mar/2017:11:06:35 +0800] "GET /phpmyadmin/js/whitelist.php?lang=zh_CN&db=&collation_connection=utf8mb4_unicode_ci&token=968e562aebb5c4c87bdd481ae9ff2bb1&v=4.6.6 HTTP/1.1" 200 475
127.0.0.1 - - [29/Mar/2017:11:06:35 +0800] "GET /phpmyadmin/js/get_scripts.js.php?scripts%5B%5D=console.js&v=4.6.6 HTTP/1.1" 200 10728
127.0.0.1 - - [29/Mar/2017:11:06:35 +0800] "GET /phpmyadmin/js/messages.php?lang=zh_CN&db=&collation_connection=utf8mb4_unicode_ci&token=968e562aebb5c4c87bdd481ae9ff2bb1&v=4.6.6 HTTP/1.1" 200 9405
127.0.0.1 - - [29/Mar/2017:11:06:36 +0800] "GET /phpmyadmin/themes/pmahomme/img/logo_right.png HTTP/1.1" 200 4548
127.0.0.1 - - [29/Mar/2017:11:06:36 +0800] "GET /phpmyadmin/themes/dot.gif HTTP/1.1" 200 43
127.0.0.1 - - [29/Mar/2017:11:06:36 +0800] "GET /phpmyadmin/themes/pmahomme/css/printview.css?v=4.6.6 HTTP/1.1" 200 988
127.0.0.1 - - [29/Mar/2017:11:06:35 +0800] "GET /phpmyadmin/js/get_image.js.php?theme=pmahomme&v=4.6.6 HTTP/1.1" 200 1833
127.0.0.1 - - [29/Mar/2017:11:06:36 +0800] "GET /phpmyadmin/themes/pmahomme/img/sprites.png?v=4.6.6 HTTP/1.1" 200 46733
127.0.0.1 - - [29/Mar/2017:11:06:36 +0800] "GET /phpmyadmin/favicon.ico HTTP/1.1" 200 22486
::1 - - [29/Mar/2017:11:13:25 +0800] "GET /redmine/projects/test-xufei/issues HTTP/1.1" 200 6439
::1 - - [29/Mar/2017:13:43:50 +0800] "GET / HTTP/1.1" 200 869
::1 - - [29/Mar/2017:13:43:50 +0800] "GET /bitnami.css HTTP/1.1" 200 698
::1 - - [29/Mar/2017:13:43:50 +0800] "GET /img/bitnami.png HTTP/1.1" 200 3738
::1 - - [29/Mar/2017:13:43:50 +0800] "GET /img/header_bg.png HTTP/1.1" 200 147
::1 - - [29/Mar/2017:13:43:50 +0800] "GET /img/sub_header_bg.png HTTP/1.1" 200 146
::1 - - [29/Mar/2017:13:43:50 +0800] "GET /img/redmine.png HTTP/1.1" 200 3677
::1 - - [29/Mar/2017:13:43:53 +0800] "GET /redmine/ HTTP/1.1" 200 1982
::1 - - [29/Mar/2017:13:44:00 +0800] "GET /redmine/ HTTP/1.1" 200 1980
::1 - - [29/Mar/2017:13:45:05 +0800] "GET /redmine/:80 HTTP/1.1" 404 459
::1 - - [29/Mar/2017:13:45:10 +0800] "GET /redmine:80 HTTP/1.1" 403 219
::1 - - [30/Mar/2017:10:36:59 +0800] "GET /redmine/projects HTTP/1.1" 200 2293
::1 - - [30/Mar/2017:10:37:00 +0800] "GET /redmine/projects/test-xufei HTTP/1.1" 200 3084
::1 - - [30/Mar/2017:10:37:00 +0800] "GET /redmine/images/ticket.png HTTP/1.1" 200 447
::1 - - [30/Mar/2017:10:37:00 +0800] "GET /redmine/images/projects.png HTTP/1.1" 200 775
::1 - - [30/Mar/2017:10:37:01 +0800] "GET /redmine/projects/test-xufei/repository HTTP/1.1" 404 6982
::1 - - [30/Mar/2017:10:38:49 +0800] "GET /redmine/projects/test-xufei/settings HTTP/1.1" 200 5400
::1 - - [30/Mar/2017:10:38:53 +0800] "GET /redmine/repositories/1/edit HTTP/1.1" 200 3381
::1 - - [30/Mar/2017:10:39:29 +0800] "GET /redmine/ HTTP/1.1" 200 1981
::1 - - [30/Mar/2017:10:39:31 +0800] "GET /redmine/projects HTTP/1.1" 200 2293
::1 - - [30/Mar/2017:10:39:32 +0800] "GET /redmine/projects/new HTTP/1.1" 200 3192
::1 - - [30/Mar/2017:10:39:38 +0800] "POST /redmine/projects HTTP/1.1" 302 117
::1 - - [30/Mar/2017:10:39:38 +0800] "GET /redmine/projects/git_test/settings HTTP/1.1" 200 4652
::1 - - [30/Mar/2017:10:39:43 +0800] "GET /redmine/projects/git_test/repositories/new HTTP/1.1" 200 3186
::1 - - [30/Mar/2017:10:39:48 +0800] "GET /redmine/projects/git_test/repositories/new?repository_scm=Git HTTP/1.1" 200 4454
::1 - - [30/Mar/2017:10:40:10 +0800] "POST /redmine/projects/git_test/repositories HTTP/1.1" 200 3544
::1 - - [30/Mar/2017:10:40:25 +0800] "POST /redmine/projects/git_test/repositories HTTP/1.1" 302 130
::1 - - [30/Mar/2017:10:40:25 +0800] "GET /redmine/projects/git_test/settings/repositories HTTP/1.1" 200 4798
::1 - - [30/Mar/2017:10:40:29 +0800] "GET /redmine/projects/git_test/repository HTTP/1.1" 404 6829
::1 - - [30/Mar/2017:10:40:34 +0800] "GET /redmine/projects/git_test/settings HTTP/1.1" 200 4793
